#! /usr/bin/vvp
:ivl_version "11.0 (stable)";
:ivl_delay_selection "TYPICAL";
:vpi_time_precision + 0;
:vpi_module "/usr/lib/x86_64-linux-gnu/ivl/system.vpi";
:vpi_module "/usr/lib/x86_64-linux-gnu/ivl/vhdl_sys.vpi";
:vpi_module "/usr/lib/x86_64-linux-gnu/ivl/vhdl_textio.vpi";
:vpi_module "/usr/lib/x86_64-linux-gnu/ivl/v2005_math.vpi";
:vpi_module "/usr/lib/x86_64-linux-gnu/ivl/va_math.vpi";
S_0x5fc0abf0ac60 .scope module, "usr_tb" "usr_tb" 2 2;
 .timescale 0 0;
v0x5fc0abf22d90_0 .var "clk", 0 0;
v0x5fc0abf22e50_0 .var "p_din", 3 0;
v0x5fc0abf22ef0_0 .net "p_dout", 3 0, v0x5fc0abf226c0_0;  1 drivers
v0x5fc0abf22ff0_0 .var "rst_n", 0 0;
v0x5fc0abf230c0_0 .var "s_left_din", 0 0;
v0x5fc0abf23160_0 .net "s_left_dout", 0 0, L_0x5fc0abf234a0;  1 drivers
v0x5fc0abf23230_0 .var "s_right_din", 0 0;
v0x5fc0abf23300_0 .net "s_right_dout", 0 0, L_0x5fc0abf23590;  1 drivers
v0x5fc0abf233d0_0 .var "select", 1 0;
S_0x5fc0abf0adf0 .scope module, "dut" "usr" 2 10, 3 1 0, S_0x5fc0abf0ac60;
 .timescale 0 0;
    .port_info 0 /INPUT 1 "clk";
    .port_info 1 /INPUT 1 "rst_n";
    .port_info 2 /INPUT 2 "select";
    .port_info 3 /INPUT 4 "p_din";
    .port_info 4 /INPUT 1 "s_left_din";
    .port_info 5 /INPUT 1 "s_right_din";
    .port_info 6 /OUTPUT 4 "p_dout";
    .port_info 7 /OUTPUT 1 "s_left_dout";
    .port_info 8 /OUTPUT 1 "s_right_dout";
v0x5fc0abef7950_0 .net "clk", 0 0, v0x5fc0abf22d90_0;  1 drivers
v0x5fc0abef79f0_0 .net "p_din", 3 0, v0x5fc0abf22e50_0;  1 drivers
v0x5fc0abf226c0_0 .var "p_dout", 3 0;
v0x5fc0abf22780_0 .net "rst_n", 0 0, v0x5fc0abf22ff0_0;  1 drivers
v0x5fc0abf22840_0 .net "s_left_din", 0 0, v0x5fc0abf230c0_0;  1 drivers
v0x5fc0abf22950_0 .net "s_left_dout", 0 0, L_0x5fc0abf234a0;  alias, 1 drivers
v0x5fc0abf22a10_0 .net "s_right_din", 0 0, v0x5fc0abf23230_0;  1 drivers
v0x5fc0abf22ad0_0 .net "s_right_dout", 0 0, L_0x5fc0abf23590;  alias, 1 drivers
v0x5fc0abf22b90_0 .net "select", 1 0, v0x5fc0abf233d0_0;  1 drivers
E_0x5fc0abf089a0 .event posedge, v0x5fc0abef7950_0;
L_0x5fc0abf234a0 .part v0x5fc0abf226c0_0, 0, 1;
L_0x5fc0abf23590 .part v0x5fc0abf226c0_0, 3, 1;
    .scope S_0x5fc0abf0adf0;
T_0 ;
    %wait E_0x5fc0abf089a0;
    %load/vec4 v0x5fc0abf22780_0;
    %nor/r;
    %flag_set/vec4 8;
    %jmp/0xz  T_0.0, 8;
    %pushi/vec4 0, 0, 4;
    %assign/vec4 v0x5fc0abf226c0_0, 0;
    %jmp T_0.1;
T_0.0 ;
    %load/vec4 v0x5fc0abf22b90_0;
    %dup/vec4;
    %pushi/vec4 1, 0, 2;
    %cmp/u;
    %jmp/1 T_0.2, 6;
    %dup/vec4;
    %pushi/vec4 2, 0, 2;
    %cmp/u;
    %jmp/1 T_0.3, 6;
    %dup/vec4;
    %pushi/vec4 3, 0, 2;
    %cmp/u;
    %jmp/1 T_0.4, 6;
    %load/vec4 v0x5fc0abf226c0_0;
    %assign/vec4 v0x5fc0abf226c0_0, 0;
    %jmp T_0.6;
T_0.2 ;
    %load/vec4 v0x5fc0abf22a10_0;
    %load/vec4 v0x5fc0abf226c0_0;
    %parti/s 3, 1, 2;
    %concat/vec4; draw_concat_vec4
    %assign/vec4 v0x5fc0abf226c0_0, 0;
    %jmp T_0.6;
T_0.3 ;
    %load/vec4 v0x5fc0abf226c0_0;
    %parti/s 3, 0, 2;
    %load/vec4 v0x5fc0abf22840_0;
    %concat/vec4; draw_concat_vec4
    %assign/vec4 v0x5fc0abf226c0_0, 0;
    %jmp T_0.6;
T_0.4 ;
    %load/vec4 v0x5fc0abef79f0_0;
    %assign/vec4 v0x5fc0abf226c0_0, 0;
    %jmp T_0.6;
T_0.6 ;
    %pop/vec4 1;
T_0.1 ;
    %jmp T_0;
    .thread T_0;
    .scope S_0x5fc0abf0ac60;
T_1 ;
    %delay 2, 0;
    %load/vec4 v0x5fc0abf22d90_0;
    %inv;
    %store/vec4 v0x5fc0abf22d90_0, 0, 1;
    %jmp T_1;
    .thread T_1;
    .scope S_0x5fc0abf0ac60;
T_2 ;
    %vpi_call 2 14 "$monitor", "select=%b, p_din=%b, s_left_din=%b, s_right_din=%b --> p_dout = %b, s_left_dout = %b, s_right_dout = %b", v0x5fc0abf233d0_0, v0x5fc0abf22e50_0, v0x5fc0abf230c0_0, v0x5fc0abf23230_0, v0x5fc0abf22ef0_0, v0x5fc0abf23160_0, v0x5fc0abf23300_0 {0 0 0};
    %pushi/vec4 0, 0, 1;
    %store/vec4 v0x5fc0abf22d90_0, 0, 1;
    %pushi/vec4 0, 0, 1;
    %store/vec4 v0x5fc0abf22ff0_0, 0, 1;
    %delay 3, 0;
    %pushi/vec4 1, 0, 1;
    %store/vec4 v0x5fc0abf22ff0_0, 0, 1;
    %pushi/vec4 13, 0, 4;
    %store/vec4 v0x5fc0abf22e50_0, 0, 4;
    %pushi/vec4 1, 0, 1;
    %store/vec4 v0x5fc0abf230c0_0, 0, 1;
    %pushi/vec4 0, 0, 1;
    %store/vec4 v0x5fc0abf23230_0, 0, 1;
    %pushi/vec4 3, 0, 2;
    %store/vec4 v0x5fc0abf233d0_0, 0, 2;
    %delay 10, 0;
    %pushi/vec4 1, 0, 2;
    %store/vec4 v0x5fc0abf233d0_0, 0, 2;
    %delay 20, 0;
    %pushi/vec4 13, 0, 4;
    %store/vec4 v0x5fc0abf22e50_0, 0, 4;
    %pushi/vec4 3, 0, 2;
    %store/vec4 v0x5fc0abf233d0_0, 0, 2;
    %delay 10, 0;
    %pushi/vec4 2, 0, 2;
    %store/vec4 v0x5fc0abf233d0_0, 0, 2;
    %delay 20, 0;
    %pushi/vec4 0, 0, 2;
    %store/vec4 v0x5fc0abf233d0_0, 0, 2;
    %delay 20, 0;
    %vpi_call 2 29 "$finish" {0 0 0};
    %end;
    .thread T_2;
    .scope S_0x5fc0abf0ac60;
T_3 ;
    %vpi_call 2 33 "$dumpfile", "dump.vcd" {0 0 0};
    %vpi_call 2 33 "$dumpvars" {0 0 0};
    %end;
    .thread T_3;
# The file index is used to find the file name in the following table.
:file_names 4;
    "N/A";
    "<interactive>";
    "usr_tb.v";
    "./usr.v";
