#! /usr/bin/vvp
:ivl_version "11.0 (stable)";
:ivl_delay_selection "TYPICAL";
:vpi_time_precision + 0;
:vpi_module "/usr/lib/x86_64-linux-gnu/ivl/system.vpi";
:vpi_module "/usr/lib/x86_64-linux-gnu/ivl/vhdl_sys.vpi";
:vpi_module "/usr/lib/x86_64-linux-gnu/ivl/vhdl_textio.vpi";
:vpi_module "/usr/lib/x86_64-linux-gnu/ivl/v2005_math.vpi";
:vpi_module "/usr/lib/x86_64-linux-gnu/ivl/va_math.vpi";
S_0x5f8736fbb390 .scope module, "tb_shift" "tb_shift" 2 1;
 .timescale 0 0;
v0x5f8736fd56b0_0 .var "clk", 0 0;
v0x5f8736fd57c0_0 .var "in_a", 3 0;
v0x5f8736fd5880_0 .var "in_b", 3 0;
v0x5f8736fd5950_0 .net "op", 4 0, v0x5f8736fd4c90_0;  1 drivers
v0x5f8736fd5a40_0 .var "rst", 0 0;
S_0x5f8736fbb520 .scope module, "dut" "shift_reg" 2 7, 3 3 0, S_0x5f8736fbb390;
 .timescale 0 0;
    .port_info 0 /INPUT 4 "in_a";
    .port_info 1 /INPUT 4 "in_b";
    .port_info 2 /INPUT 1 "clk";
    .port_info 3 /INPUT 1 "rst";
    .port_info 4 /OUTPUT 5 "op";
v0x5f8736fd4f90_0 .net "clk", 0 0, v0x5f8736fd56b0_0;  1 drivers
v0x5f8736fd5050_0 .var/i "i", 31 0;
v0x5f8736fd5110_0 .net "in_a", 3 0, v0x5f8736fd57c0_0;  1 drivers
v0x5f8736fd5200_0 .net "in_b", 3 0, v0x5f8736fd5880_0;  1 drivers
v0x5f8736fd52e0_0 .net "op", 4 0, v0x5f8736fd4c90_0;  alias, 1 drivers
v0x5f8736fd53f0_0 .var "out_a", 0 0;
v0x5f8736fd54c0_0 .var "out_b", 0 0;
v0x5f8736fd5590_0 .net "rst", 0 0, v0x5f8736fd5a40_0;  1 drivers
S_0x5f8736fbf160 .scope module, "fa" "fa" 3 13, 4 1 0, S_0x5f8736fbb520;
 .timescale 0 0;
    .port_info 0 /INPUT 1 "a";
    .port_info 1 /INPUT 1 "b";
    .port_info 2 /INPUT 1 "clk";
    .port_info 3 /INPUT 1 "rst";
    .port_info 4 /OUTPUT 5 "op";
v0x5f8736f80ba0_0 .net "a", 0 0, v0x5f8736fd53f0_0;  1 drivers
v0x5f8736fa8920_0 .net "b", 0 0, v0x5f8736fd54c0_0;  1 drivers
v0x5f8736fd4a00_0 .var "carry", 0 0;
v0x5f8736fd4aa0_0 .net "clk", 0 0, v0x5f8736fd56b0_0;  alias, 1 drivers
v0x5f8736fd4b60_0 .var/i "count", 31 0;
v0x5f8736fd4c90_0 .var "op", 4 0;
v0x5f8736fd4d70_0 .net "rst", 0 0, v0x5f8736fd5a40_0;  alias, 1 drivers
v0x5f8736fd4e30_0 .var "sum", 0 0;
E_0x5f8736fb7eb0 .event posedge, v0x5f8736fd4d70_0, v0x5f8736fd4aa0_0;
    .scope S_0x5f8736fbf160;
T_0 ;
    %pushi/vec4 0, 0, 32;
    %store/vec4 v0x5f8736fd4b60_0, 0, 32;
    %end;
    .thread T_0;
    .scope S_0x5f8736fbf160;
T_1 ;
    %wait E_0x5f8736fb7eb0;
    %load/vec4 v0x5f8736fd4d70_0;
    %flag_set/vec4 8;
    %jmp/0xz  T_1.0, 8;
    %pushi/vec4 0, 0, 1;
    %assign/vec4 v0x5f8736fd4e30_0, 0;
    %pushi/vec4 0, 0, 1;
    %assign/vec4 v0x5f8736fd4a00_0, 0;
    %pushi/vec4 0, 0, 5;
    %assign/vec4 v0x5f8736fd4c90_0, 0;
    %jmp T_1.1;
T_1.0 ;
    %load/vec4 v0x5f8736fd4b60_0;
    %cmpi/s 6, 0, 32;
    %jmp/0xz  T_1.2, 5;
    %load/vec4 v0x5f8736f80ba0_0;
    %load/vec4 v0x5f8736fa8920_0;
    %xor;
    %load/vec4 v0x5f8736fd4a00_0;
    %xor;
    %assign/vec4 v0x5f8736fd4e30_0, 0;
    %load/vec4 v0x5f8736f80ba0_0;
    %load/vec4 v0x5f8736fa8920_0;
    %and;
    %load/vec4 v0x5f8736fa8920_0;
    %load/vec4 v0x5f8736fd4a00_0;
    %and;
    %or;
    %load/vec4 v0x5f8736fd4a00_0;
    %load/vec4 v0x5f8736f80ba0_0;
    %and;
    %or;
    %assign/vec4 v0x5f8736fd4a00_0, 0;
    %load/vec4 v0x5f8736fd4b60_0;
    %cmpi/s 1, 0, 32;
    %flag_or 5, 4; GT is !LE
    %flag_inv 5;
    %jmp/0xz  T_1.4, 5;
    %load/vec4 v0x5f8736fd4e30_0;
    %ix/load 5, 0, 0;
    %load/vec4 v0x5f8736fd4b60_0;
    %subi 2, 0, 32;
    %ix/vec4/s 4;
    %assign/vec4/off/d v0x5f8736fd4c90_0, 4, 5;
T_1.4 ;
    %load/vec4 v0x5f8736fd4b60_0;
    %addi 1, 0, 32;
    %assign/vec4 v0x5f8736fd4b60_0, 0;
    %load/vec4 v0x5f8736fd4b60_0;
    %cmpi/e 5, 0, 32;
    %jmp/0xz  T_1.6, 4;
    %load/vec4 v0x5f8736fd4a00_0;
    %ix/load 5, 0, 0;
    %load/vec4 v0x5f8736fd4b60_0;
    %subi 1, 0, 32;
    %ix/vec4/s 4;
    %assign/vec4/off/d v0x5f8736fd4c90_0, 4, 5;
T_1.6 ;
T_1.2 ;
T_1.1 ;
    %jmp T_1;
    .thread T_1;
    .scope S_0x5f8736fbb520;
T_2 ;
    %pushi/vec4 0, 0, 32;
    %store/vec4 v0x5f8736fd5050_0, 0, 32;
    %end;
    .thread T_2;
    .scope S_0x5f8736fbb520;
T_3 ;
    %wait E_0x5f8736fb7eb0;
    %load/vec4 v0x5f8736fd5590_0;
    %flag_set/vec4 8;
    %jmp/0xz  T_3.0, 8;
    %pushi/vec4 0, 0, 2;
    %split/vec4 1;
    %assign/vec4 v0x5f8736fd54c0_0, 0;
    %assign/vec4 v0x5f8736fd53f0_0, 0;
    %jmp T_3.1;
T_3.0 ;
    %load/vec4 v0x5f8736fd5050_0;
    %cmpi/s 4, 0, 32;
    %jmp/0xz  T_3.2, 5;
    %load/vec4 v0x5f8736fd5110_0;
    %load/vec4 v0x5f8736fd5050_0;
    %part/s 1;
    %assign/vec4 v0x5f8736fd53f0_0, 0;
    %load/vec4 v0x5f8736fd5200_0;
    %load/vec4 v0x5f8736fd5050_0;
    %part/s 1;
    %assign/vec4 v0x5f8736fd54c0_0, 0;
    %load/vec4 v0x5f8736fd5050_0;
    %addi 1, 0, 32;
    %assign/vec4 v0x5f8736fd5050_0, 0;
T_3.2 ;
T_3.1 ;
    %jmp T_3;
    .thread T_3;
    .scope S_0x5f8736fbb390;
T_4 ;
    %pushi/vec4 0, 0, 1;
    %store/vec4 v0x5f8736fd56b0_0, 0, 1;
    %pushi/vec4 1, 0, 1;
    %store/vec4 v0x5f8736fd5a40_0, 0, 1;
    %pushi/vec4 8, 0, 4;
    %store/vec4 v0x5f8736fd57c0_0, 0, 4;
    %pushi/vec4 15, 0, 4;
    %store/vec4 v0x5f8736fd5880_0, 0, 4;
    %delay 4, 0;
    %pushi/vec4 0, 0, 1;
    %store/vec4 v0x5f8736fd5a40_0, 0, 1;
    %delay 100, 0;
    %vpi_call 2 12 "$finish" {0 0 0};
    %end;
    .thread T_4;
    .scope S_0x5f8736fbb390;
T_5 ;
    %delay 5, 0;
    %load/vec4 v0x5f8736fd56b0_0;
    %inv;
    %store/vec4 v0x5f8736fd56b0_0, 0, 1;
    %jmp T_5;
    .thread T_5;
    .scope S_0x5f8736fbb390;
T_6 ;
    %vpi_call 2 18 "$dumpfile", "shift.vcd" {0 0 0};
    %vpi_call 2 19 "$dumpvars" {0 0 0};
    %end;
    .thread T_6;
# The file index is used to find the file name in the following table.
:file_names 5;
    "N/A";
    "<interactive>";
    "tb_shift.v";
    "shift_reg.v";
    "./fa.v";
